<?xml version="1.0" encoding="UTF-8"?>
<testng-results ignored="0" total="2" passed="2" failed="0" skipped="0">
  <reporter-output>
  </reporter-output>
  <suite started-at="2024-10-25T21:25:57 GMT+03:00" name="Default suite" finished-at="2024-10-25T21:26:05 GMT+03:00" duration-ms="8144">
    <groups>
    </groups>
    <test started-at="2024-10-25T21:25:57 GMT+03:00" name="Default test" finished-at="2024-10-25T21:26:05 GMT+03:00" duration-ms="8144">
      <class name="MyTestCases">
        <test-method is-config="true" signature="mySetUp()[pri:0, instance:MyTestCases@2320fa6f]" started-at="2024-10-25T21:25:57 GMT+03:00" name="mySetUp" finished-at="2024-10-25T21:25:59 GMT+03:00" duration-ms="2346" status="PASS">
          <reporter-output>
          </reporter-output>
        </test-method> <!-- mySetUp -->
        <test-method signature="Login()[pri:1, instance:MyTestCases@2320fa6f]" started-at="2024-10-25T21:25:59 GMT+03:00" name="Login" finished-at="2024-10-25T21:26:03 GMT+03:00" duration-ms="4202" status="PASS">
          <reporter-output>
          </reporter-output>
        </test-method> <!-- Login -->
        <test-method signature="AddToCart()[pri:2, instance:MyTestCases@2320fa6f]" started-at="2024-10-25T21:26:03 GMT+03:00" name="AddToCart" finished-at="2024-10-25T21:26:05 GMT+03:00" duration-ms="1568" status="PASS">
          <reporter-output>
          </reporter-output>
        </test-method> <!-- AddToCart -->
        <test-method is-config="true" signature="AfterTesting()[pri:0, instance:MyTestCases@2320fa6f]" started-at="2024-10-25T21:26:05 GMT+03:00" name="AfterTesting" finished-at="2024-10-25T21:26:05 GMT+03:00" duration-ms="1" status="PASS">
          <reporter-output>
          </reporter-output>
        </test-method> <!-- AfterTesting -->
      </class> <!-- MyTestCases -->
    </test> <!-- Default test -->
  </suite> <!-- Default suite -->
</testng-results>
